#
# There is insufficient memory for the Java Runtime Environment to continue.
# Native memory allocation (mmap) failed to map 132120576 bytes for Failed to commit area from 0x0000000082800000 to 0x000000008a600000 of length 132120576.
# Possible reasons:
#   The system is out of physical RAM or swap space
#   The process is running with CompressedOops enabled, and the Java Heap may be blocking the growth of the native heap
# Possible solutions:
#   Reduce memory load on the system
#   Increase physical memory or swap space
#   Check if swap backing store is full
#   Decrease Java heap size (-Xmx/-Xms)
#   Decrease number of Java threads
#   Decrease Java thread stack sizes (-Xss)
#   Set larger code cache with -XX:ReservedCodeCacheSize=
# This output file may be truncated or incomplete.
#
#  Out of Memory Error (./open/src/hotspot/os/windows/os_windows.cpp:3298), pid=1428, tid=10120
#
# JRE version:  (11.0.21+9) (build )
# Java VM: Java HotSpot(TM) 64-Bit Server VM (11.0.21+9-LTS-193, mixed mode, sharing, tiered, compressed oops, g1 gc, windows-amd64)
# No core dump will be written. Minidumps are not enabled by default on client versions of Windows
#

---------------  S U M M A R Y ------------

Command Line: -Dfile.encoding=UTF-8 control.TutorialGroupManagement

Host: Intel(R) Core(TM) i3-10110U CPU @ 2.10GHz, 4 cores, 7G,  Windows 11 , 64 bit Build 22621 (10.0.22621.3374)
Time: Fri Apr 26 00:41:02 2024 Malay Peninsula Standard Time elapsed time: 0.012749 seconds (0d 0h 0m 0s)

---------------  T H R E A D  ---------------

Current thread (0x00000233aee4c000):  JavaThread "Unknown thread" [_thread_in_vm, id=10120, stack(0x000000df8e300000,0x000000df8e400000)]

Stack: [0x000000df8e300000,0x000000df8e400000]
Native frames: (J=compiled Java code, j=interpreted, Vv=VM code, C=native code)
V  [jvm.dll+0x66058a]
V  [jvm.dll+0x7a362f]
V  [jvm.dll+0x7a4cf9]
V  [jvm.dll+0x7a5393]
V  [jvm.dll+0x258f55]
V  [jvm.dll+0x65d8e9]
V  [jvm.dll+0x652495]
V  [jvm.dll+0x31367d]
V  [jvm.dll+0x3134e2]
V  [jvm.dll+0x318116]
V  [jvm.dll+0x360210]
V  [jvm.dll+0x35fc82]
V  [jvm.dll+0x2eed08]
V  [jvm.dll+0x2efe15]
V  [jvm.dll+0x77c687]
V  [jvm.dll+0x77df6f]
V  [jvm.dll+0x36d4b9]
V  [jvm.dll+0x76106f]
V  [jvm.dll+0x3df587]
V  [jvm.dll+0x3e1631]
C  [jli.dll+0x52e7]
C  [ucrtbase.dll+0x29333]
C  [KERNEL32.DLL+0x1257d]
C  [ntdll.dll+0x5aa48]


---------------  P R O C E S S  ---------------

Threads class SMR info:
_java_thread_list=0x00000233aece5560, length=0, elements={
}

Java Threads: ( => current thread )

Other Threads:
  0x00000233aee64000 GCTaskThread "GC Thread#0" [stack: 0x000000df8e400000,0x000000df8e500000] [id=9452]
  0x00000233aee96000 ConcurrentGCThread "G1 Main Marker" [stack: 0x000000df8e500000,0x000000df8e600000] [id=12492]
  0x00000233aee99800 ConcurrentGCThread "G1 Conc#0" [stack: 0x000000df8e600000,0x000000df8e700000] [id=12592]

[error occurred during error reporting (printing all threads), id 0xc0000005, EXCEPTION_ACCESS_VIOLATION (0xc0000005) at pc=0x00007ff83d80f7c7]

VM state:not at safepoint (not fully initialized)

VM Mutex/Monitor currently owned by a thread:  ([mutex/lock_event])
[0x00000233aee48460] Heap_lock - owner thread: 0x00000233aee4c000

Heap address: 0x0000000082800000, size: 2008 MB, Compressed Oops mode: Non-zero based: 0x0000000082800000
Narrow klass base: 0x0000000000000000, Narrow klass shift: 0

GC Heap History (0 events):
No events

Deoptimization events (0 events):
No events

Classes redefined (0 events):
No events

Internal exceptions (0 events):
No events

Events (0 events):
No events


Dynamic libraries:
0x00007ff68a130000 - 0x00007ff68a140000 	C:\Program Files\Java\jdk-11\bin\java.exe
0x00007ff8a9110000 - 0x00007ff8a9326000 	C:\WINDOWS\SYSTEM32\ntdll.dll
0x00007ff8a7060000 - 0x00007ff8a7124000 	C:\WINDOWS\System32\KERNEL32.DLL
0x00007ff8a66b0000 - 0x00007ff8a6a57000 	C:\WINDOWS\System32\KERNELBASE.dll
0x00007ff8a6bb0000 - 0x00007ff8a6cc1000 	C:\WINDOWS\System32\ucrtbase.dll
0x00007ff89f6b0000 - 0x00007ff89f6cb000 	C:\Program Files\Java\jdk-11\bin\VCRUNTIME140.dll
0x00007ff88e990000 - 0x00007ff88e9a9000 	C:\Program Files\Java\jdk-11\bin\jli.dll
0x00007ff8a8ca0000 - 0x00007ff8a8d52000 	C:\WINDOWS\System32\ADVAPI32.dll
0x00007ff8a88a0000 - 0x00007ff8a8947000 	C:\WINDOWS\System32\msvcrt.dll
0x00007ff8a7130000 - 0x00007ff8a71d8000 	C:\WINDOWS\System32\sechost.dll
0x00007ff8a6b80000 - 0x00007ff8a6ba8000 	C:\WINDOWS\System32\bcrypt.dll
0x00007ff8a6f40000 - 0x00007ff8a7055000 	C:\WINDOWS\System32\RPCRT4.dll
0x00007ff8a8a60000 - 0x00007ff8a8c0e000 	C:\WINDOWS\System32\USER32.dll
0x00007ff8a6e10000 - 0x00007ff8a6e36000 	C:\WINDOWS\System32\win32u.dll
0x00007ff890530000 - 0x00007ff8907c3000 	C:\WINDOWS\WinSxS\amd64_microsoft.windows.common-controls_6595b64144ccf1df_6.0.22621.3235_none_270f74e173860f98\COMCTL32.dll
0x00007ff8a89a0000 - 0x00007ff8a89c9000 	C:\WINDOWS\System32\GDI32.dll
0x00007ff8a6a60000 - 0x00007ff8a6b79000 	C:\WINDOWS\System32\gdi32full.dll
0x00007ff8a65a0000 - 0x00007ff8a663a000 	C:\WINDOWS\System32\msvcp_win.dll
0x00007ff896a20000 - 0x00007ff896a2a000 	C:\WINDOWS\SYSTEM32\VERSION.dll
0x00007ff8a8950000 - 0x00007ff8a8981000 	C:\WINDOWS\System32\IMM32.DLL
0x00007ff898950000 - 0x00007ff89895c000 	C:\Program Files\Java\jdk-11\bin\vcruntime140_1.dll
0x00007ff83eb30000 - 0x00007ff83ebbe000 	C:\Program Files\Java\jdk-11\bin\msvcp140.dll
0x00007ff83d510000 - 0x00007ff83e07d000 	C:\Program Files\Java\jdk-11\bin\server\jvm.dll
0x00007ff8a86c0000 - 0x00007ff8a86c8000 	C:\WINDOWS\System32\PSAPI.DLL
0x00007ff87e0a0000 - 0x00007ff87e0a9000 	C:\WINDOWS\SYSTEM32\WSOCK32.dll
0x00007ff89e360000 - 0x00007ff89e394000 	C:\WINDOWS\SYSTEM32\WINMM.dll
0x00007ff8a89d0000 - 0x00007ff8a8a41000 	C:\WINDOWS\System32\WS2_32.dll
0x00007ff8a5430000 - 0x00007ff8a5448000 	C:\WINDOWS\SYSTEM32\kernel.appcore.dll
0x00007ff898080000 - 0x00007ff898090000 	C:\Program Files\Java\jdk-11\bin\verify.dll
0x00007ff8930e0000 - 0x00007ff893313000 	C:\WINDOWS\SYSTEM32\DBGHELP.DLL
0x00007ff8a7290000 - 0x00007ff8a7618000 	C:\WINDOWS\System32\combase.dll
0x00007ff8a6e40000 - 0x00007ff8a6f17000 	C:\WINDOWS\System32\OLEAUT32.dll
0x00007ff8896c0000 - 0x00007ff8896f2000 	C:\WINDOWS\SYSTEM32\dbgcore.DLL
0x00007ff8a6d90000 - 0x00007ff8a6e09000 	C:\WINDOWS\System32\bcryptPrimitives.dll
0x00007ff83ea60000 - 0x00007ff83ea88000 	C:\Program Files\Java\jdk-11\bin\java.dll
0x00007ff897de0000 - 0x00007ff897dea000 	C:\Program Files\Java\jdk-11\bin\jimage.dll
0x00007ff849c60000 - 0x00007ff849c77000 	C:\Program Files\Java\jdk-11\bin\zip.dll

dbghelp: loaded successfully - version: 4.0.5 - missing functions: none
symbol engine: initialized successfully - sym options: 0x614 - pdb path: .;C:\Program Files\Java\jdk-11\bin;C:\WINDOWS\SYSTEM32;C:\WINDOWS\WinSxS\amd64_microsoft.windows.common-controls_6595b64144ccf1df_6.0.22621.3235_none_270f74e173860f98;C:\Program Files\Java\jdk-11\bin\server

VM Arguments:
jvm_args: -Dfile.encoding=UTF-8 
java_command: control.TutorialGroupManagement
java_class_path (initial): C:\Users\howard cham\OneDrive\Documents\Data Structure (Y2S2)\DSAAssignment\DSA\build\classes
Launcher Type: SUN_STANDARD

[Global flags]
     intx CICompilerCount                          = 3                                         {product} {ergonomic}
     uint ConcGCThreads                            = 1                                         {product} {ergonomic}
     uint G1ConcRefinementThreads                  = 4                                         {product} {ergonomic}
   size_t G1HeapRegionSize                         = 1048576                                   {product} {ergonomic}
    uintx GCDrainStackTargetSize                   = 64                                        {product} {ergonomic}
   size_t InitialHeapSize                          = 132120576                                 {product} {ergonomic}
   size_t MarkStackSize                            = 4194304                                   {product} {ergonomic}
   size_t MaxHeapSize                              = 2105540608                                {product} {ergonomic}
   size_t MinHeapDeltaBytes                        = 1048576                                   {product} {ergonomic}
    uintx NonNMethodCodeHeapSize                   = 5830732                                {pd product} {ergonomic}
    uintx NonProfiledCodeHeapSize                  = 122913754                              {pd product} {ergonomic}
    uintx ProfiledCodeHeapSize                     = 122913754                              {pd product} {ergonomic}
    uintx ReservedCodeCacheSize                    = 251658240                              {pd product} {ergonomic}
     bool SegmentedCodeCache                       = true                                      {product} {ergonomic}
     bool UseCompressedClassPointers               = true                                 {lp64_product} {ergonomic}
     bool UseCompressedOops                        = true                                 {lp64_product} {ergonomic}
     bool UseG1GC                                  = true                                      {product} {ergonomic}
     bool UseLargePagesIndividualAllocation        = false                                  {pd product} {ergonomic}

Logging:
Log output configuration:
 #0: stdout all=warning uptime,level,tags
 #1: stderr all=off uptime,level,tags

Environment Variables:
PATH=C:\Program Files\Common Files\Oracle\Java\javapath;C:\oraclexe\app\oracle\product\11.2.0\server\bin;;C:\Windows\System32\HWAudioDriverLibs;C:\WINDOWS\system32;C:\WINDOWS;C:\WINDOWS\System32\Wbem;C:\WINDOWS\System32\WindowsPowerShell\v1.0\;C:\WINDOWS\System32\OpenSSH\;C:\WINDOWS\system32\config\systemprofile\AppData\Local\Microsoft\WindowsApps;C:\WINDOWS\system32;C:\WINDOWS;C:\WINDOWS\System32\Wbem;C:\WINDOWS\System32\WindowsPowerShell\v1.0\;C:\WINDOWS\System32\OpenSSH\;C:\Program Files\dotnet\;C:\Program Files\Microsoft SQL Server\150\Tools\Binn\;C:\Program Files\Microsoft SQL Server\Client SDK\ODBC\170\Tools\Binn\;C:\Users\howard cham\AppData\Local\Microsoft\WindowsApps;C:\Users\howard cham\AppData\Local\Visual Studio Code\Microsoft VS Code\bin;C:\Users\howard cham\OneDrive\Documents;C:\xampp\php;C:\Users\howard cham\.dotnet\tools;C:\Users\howard cham\AppData\Local\GitHubDesktop\bin
USERNAME=howard cham
OS=Windows_NT
PROCESSOR_IDENTIFIER=Intel64 Family 6 Model 142 Stepping 12, GenuineIntel



---------------  S Y S T E M  ---------------

OS: Windows 11 , 64 bit Build 22621 (10.0.22621.3374)
Hyper-V role detected

CPU:total 4 (initial active 4) (2 cores per cpu, 2 threads per core) family 6 model 142 stepping 12 microcode 0xde, cmov, cx8, fxsr, mmx, sse, sse2, sse3, ssse3, sse4.1, sse4.2, popcnt, avx, avx2, aes, clmul, erms, 3dnowpref, lzcnt, ht, tsc, tscinvbit, bmi1, bmi2, adx, fma

Memory: 4k page, system-wide physical 8025M (1443M free)
TotalPageFile size 20679M (AvailPageFile size 94M)
current process WorkingSet (physical memory assigned to process): 10M, peak: 10M
current process commit charge ("private bytes"): 51M, peak: 177M

vm_info: Java HotSpot(TM) 64-Bit Server VM (11.0.21+9-LTS-193) for windows-amd64 JRE (11.0.21+9-LTS-193), built on Sep 13 2023 11:04:38 by "mach5one" with MS VC++ 17.1 (VS2022)

END.
